#
# A fatal error has been detected by the Java Runtime Environment:
#
#  EXCEPTION_ACCESS_VIOLATION (0xc0000005) at pc=0x07853387, pid=4668, tid=1620
#
# JRE version: 7.0_09-b05
# Java VM: Java HotSpot(TM) Client VM (23.5-b02 mixed mode, sharing windows-x86 )
# Problematic frame:
# C  [rxtxSerial.dll+0x3387]  Java_gnu_io_RXTXPort_nativeSetEventFlag+0x2a7
#
# Failed to write core dump. Minidumps are not enabled by default on client versions of Windows
#
# If you would like to submit a bug report, please visit:
#   http://bugreport.sun.com/bugreport/crash.jsp
# The crash happened outside the Java Virtual Machine in native code.
# See problematic frame for where to report the bug.
#

---------------  T H R E A D  ---------------

Current thread (0x0182f400):  JavaThread "Thread-5" [_thread_in_native, id=1620, stack(0x08b20000,0x08b70000)]

siginfo: ExceptionCode=0xc0000005, writing address 0x089ef488

Registers:
EAX=0x00000000, EBX=0x00000001, ECX=0x7ffa5000, EDX=0x00000000
ESP=0x08b6f2b8, EBP=0xffffffff, ESI=0x00000000, EDI=0x089ef480
EIP=0x07853387, EFLAGS=0x00010297

Top of Stack: (sp=0x08b6f2b8)
0x08b6f2b8:   08b6f328 0182f528 08b6f338 00000001
0x08b6f2c8:   00000000 00000005 00000000 07854483
0x08b6f2d8:   0182f528 08b6f324 00000001 08b6f320
0x08b6f2e8:   00000001 ffffffff 0182f528 08b6f328
0x08b6f2f8:   07869af0 07869aec 0182f528 08b6f328
0x08b6f308:   07869ae8 07869ae4 0182f400 23f900f8
0x08b6f318:   00000000 0199a913 0182f528 08b6f328
0x08b6f328:   23f900f8 00000009 00000000 29164178 

Instructions: (pc=0x07853387)
0x07853367:   c6 5e 5d 5b 83 c4 0c c3 e8 2f 59 00 00 83 38 04
0x07853377:   74 1c e8 25 59 00 00 83 38 0b 74 12 8b 44 24 10
0x07853387:   89 47 08 5f 5e 5d 83 c8 ff 5b 83 c4 0c c3 8b 4c
0x07853397:   24 10 89 4f 08 5f 5e 5d 83 c8 ff 5b 83 c4 0c c3 


Register to memory mapping:

EAX=0x00000000 is an unknown value
EBX=0x00000001 is an unknown value
ECX=0x7ffa5000 is an unknown value
EDX=0x00000000 is an unknown value
ESP=0x08b6f2b8 is pointing into the stack for thread: 0x0182f400
EBP=0xffffffff is an unknown value
ESI=0x00000000 is an unknown value
EDI=0x089ef480 is an unknown value


Stack: [0x08b20000,0x08b70000],  sp=0x08b6f2b8,  free space=316k
Native frames: (J=compiled Java code, j=interpreted, Vv=VM code, C=native code)
C  [rxtxSerial.dll+0x3387]  Java_gnu_io_RXTXPort_nativeSetEventFlag+0x2a7

Java frames: (J=compiled Java code, j=interpreted, Vv=VM code)
J  gnu.io.RXTXPort.readByte()I
J  gnu.io.RXTXPort$SerialInputStream.read()I
J  Telemetry.readTelemetry()V
J  InputCommThread.run()V
v  ~StubRoutines::call_stub

---------------  P R O C E S S  ---------------

Java Threads: ( => current thread )
  0x03e8f000 JavaThread "Thread-6" [_thread_blocked, id=2824, stack(0x08c40000,0x08c90000)]
=>0x0182f400 JavaThread "Thread-5" [_thread_in_native, id=1620, stack(0x08b20000,0x08b70000)]
  0x01832400 JavaThread "Thread-4" [_thread_blocked, id=4952, stack(0x08ad0000,0x08b20000)]
  0x03e60c00 JavaThread "Thread-1" [_thread_in_Java, id=2756, stack(0x08b90000,0x08be0000)]
  0x03e5dc00 JavaThread "TimerQueue" daemon [_thread_blocked, id=856, stack(0x08a10000,0x08a60000)]
  0x0112b000 JavaThread "DestroyJavaVM" [_thread_blocked, id=2248, stack(0x01730000,0x01780000)]
  0x03df1400 JavaThread "D3D Screen Updater" daemon [_thread_blocked, id=3276, stack(0x08180000,0x081d0000)]
  0x03d80400 JavaThread "AWT-EventQueue-0" [_thread_blocked, id=3036, stack(0x03bc0000,0x03c10000)]
  0x03d45000 JavaThread "AWT-Windows" daemon [_thread_in_native, id=5756, stack(0x040a0000,0x040f0000)]
  0x03d44400 JavaThread "AWT-Shutdown" [_thread_blocked, id=3484, stack(0x03a10000,0x03a60000)]
  0x03d41800 JavaThread "Java2D Disposer" daemon [_thread_blocked, id=5148, stack(0x04120000,0x04170000)]
  0x01848c00 JavaThread "Service Thread" daemon [_thread_blocked, id=1244, stack(0x03a70000,0x03ac0000)]
  0x0183e400 JavaThread "C1 CompilerThread0" daemon [_thread_blocked, id=4276, stack(0x03ce0000,0x03d30000)]
  0x0183d000 JavaThread "Attach Listener" daemon [_thread_blocked, id=5444, stack(0x03c30000,0x03c80000)]
  0x0183a000 JavaThread "Signal Dispatcher" daemon [_thread_blocked, id=3116, stack(0x03970000,0x039c0000)]
  0x01826000 JavaThread "Finalizer" daemon [_thread_blocked, id=5480, stack(0x03b60000,0x03bb0000)]
  0x01824800 JavaThread "Reference Handler" daemon [_thread_blocked, id=3572, stack(0x03b10000,0x03b60000)]

Other Threads:
  0x01823000 VMThread [stack: 0x039c0000,0x03a10000] [id=5172]
  0x01864000 WatcherThread [stack: 0x03910000,0x03960000] [id=1168]

VM state:not at safepoint (normal execution)

VM Mutex/Monitor currently owned by a thread: None

Heap
 def new generation   total 4928K, used 1957K [0x23b40000, 0x24090000, 0x29090000)
  eden space 4416K,  43% used [0x23b40000, 0x23d1d2d0, 0x23f90000)
  from space 512K,   9% used [0x23f90000, 0x23f9c3d8, 0x24010000)
  to   space 512K,   0% used [0x24010000, 0x24010000, 0x24090000)
 tenured generation   total 10944K, used 1158K [0x29090000, 0x29b40000, 0x33b40000)
   the space 10944K,  10% used [0x29090000, 0x291b1860, 0x291b1a00, 0x29b40000)
 compacting perm gen  total 12288K, used 1300K [0x33b40000, 0x34740000, 0x37b40000)
   the space 12288K,  10% used [0x33b40000, 0x33c853a8, 0x33c85400, 0x34740000)
    ro space 10240K,  42% used [0x37b40000, 0x37f80348, 0x37f80400, 0x38540000)
    rw space 12288K,  54% used [0x38540000, 0x38bc06f0, 0x38bc0800, 0x39140000)

Card table byte_map: [0x011c0000,0x01270000] byte_map_base: 0x010a2600

Polling page: 0x00250000

Code Cache  [0x01880000, 0x01a88000, 0x03880000)
 total_blobs=1238 nmethods=1000 adapters=172 free_code_cache=30713Kb largest_free_block=31450432

Compilation events (10 events):
Event: 283.331 Thread 0x0183e400  993             javax.swing.SortingFocusTraversalPolicy::enumerateCycle (129 bytes)
Event: 283.332 Thread 0x0183e400 nmethod 993 0x01a80888 code [0x01a809e0, 0x01a80c8c]
Event: 283.332 Thread 0x0183e400  994             java.util.ArrayList$Itr::checkForComodification (23 bytes)
Event: 283.333 Thread 0x0183e400 nmethod 994 0x01a80f88 code [0x01a81090, 0x01a8118c]
Event: 283.412 Thread 0x0183e400  995             javax.swing.text.CompositeView::getView (7 bytes)
Event: 283.412 Thread 0x0183e400 nmethod 995 0x01a81248 code [0x01a81340, 0x01a813e0]
Event: 283.509 Thread 0x0183e400  996             java.awt.Dimension::<init> (15 bytes)
Event: 283.509 Thread 0x0183e400 nmethod 996 0x01a81488 code [0x01a81580, 0x01a81600]
Event: 283.509 Thread 0x0183e400  997             sun.font.FontDesignMetrics::charWidth (30 bytes)
Event: 283.509 Thread 0x0183e400 nmethod 997 0x01a81648 code [0x01a81790, 0x01a818f8]

GC Heap History (10 events):
Event: 85.442 GC heap before
{Heap before GC invocations=9 (full 0):
 def new generation   total 4928K, used 4457K [0x23b40000, 0x24090000, 0x29090000)
  eden space 4416K, 100% used [0x23b40000, 0x23f90000, 0x23f90000)
  from space 512K,   8% used [0x24010000, 0x2401a430, 0x24090000)
  to   space 512K,   0% used [0x23f90000, 0x23f90000, 0x24010000)
 tenured generation   total 10944K, used 1158K [0x29090000, 0x29b40000, 0x33b40000)
   the space 10944K,  10% used [0x29090000, 0x291b1860, 0x291b1a00, 0x29b40000)
 compacting perm gen  total 12288K, used 1300K [0x33b40000, 0x34740000, 0x37b40000)
   the space 12288K,  10% used [0x33b40000, 0x33c85050, 0x33c85200, 0x34740000)
    ro space 10240K,  42% used [0x37b40000, 0x37f80348, 0x37f80400, 0x38540000)
    rw space 12288K,  54% used [0x38540000, 0x38bc06f0, 0x38bc0800, 0x39140000)
Event: 85.444 GC heap after
Heap after GC invocations=10 (full 0):
 def new generation   total 4928K, used 41K [0x23b40000, 0x24090000, 0x29090000)
  eden space 4416K,   0% used [0x23b40000, 0x23b40000, 0x23f90000)
  from space 512K,   8% used [0x23f90000, 0x23f9a408, 0x24010000)
  to   space 512K,   0% used [0x24010000, 0x24010000, 0x24090000)
 tenured generation   total 10944K, used 1158K [0x29090000, 0x29b40000, 0x33b40000)
   the space 10944K,  10% used [0x29090000, 0x291b1860, 0x291b1a00, 0x29b40000)
 compacting perm gen  total 12288K, used 1300K [0x33b40000, 0x34740000, 0x37b40000)
   the space 12288K,  10% used [0x33b40000, 0x33c85050, 0x33c85200, 0x34740000)
    ro space 10240K,  42% used [0x37b40000, 0x37f80348, 0x37f80400, 0x38540000)
    rw space 12288K,  54% used [0x38540000, 0x38bc06f0, 0x38bc0800, 0x39140000)
}
Event: 94.284 GC heap before
{Heap before GC invocations=10 (full 0):
 def new generation   total 4928K, used 4457K [0x23b40000, 0x24090000, 0x29090000)
  eden space 4416K, 100% used [0x23b40000, 0x23f90000, 0x23f90000)
  from space 512K,   8% used [0x23f90000, 0x23f9a408, 0x24010000)
  to   space 512K,   0% used [0x24010000, 0x24010000, 0x24090000)
 tenured generation   total 10944K, used 1158K [0x29090000, 0x29b40000, 0x33b40000)
   the space 10944K,  10% used [0x29090000, 0x291b1860, 0x291b1a00, 0x29b40000)
 compacting perm gen  total 12288K, used 1300K [0x33b40000, 0x34740000, 0x37b40000)
   the space 12288K,  10% used [0x33b40000, 0x33c85050, 0x33c85200, 0x34740000)
    ro space 10240K,  42% used [0x37b40000, 0x37f80348, 0x37f80400, 0x38540000)
    rw space 12288K,  54% used [0x38540000, 0x38bc06f0, 0x38bc0800, 0x39140000)
Event: 94.285 GC heap after
Heap after GC invocations=11 (full 0):
 def new generation   total 4928K, used 39K [0x23b40000, 0x24090000, 0x29090000)
  eden space 4416K,   0% used [0x23b40000, 0x23b40000, 0x23f90000)
  from space 512K,   7% used [0x24010000, 0x24019e40, 0x24090000)
  to   space 512K,   0% used [0x23f90000, 0x23f90000, 0x24010000)
 tenured generation   total 10944K, used 1158K [0x29090000, 0x29b40000, 0x33b40000)
   the space 10944K,  10% used [0x29090000, 0x291b1860, 0x291b1a00, 0x29b40000)
 compacting perm gen  total 12288K, used 1300K [0x33b40000, 0x34740000, 0x37b40000)
   the space 12288K,  10% used [0x33b40000, 0x33c85050, 0x33c85200, 0x34740000)
    ro space 10240K,  42% used [0x37b40000, 0x37f80348, 0x37f80400, 0x38540000)
    rw space 12288K,  54% used [0x38540000, 0x38bc06f0, 0x38bc0800, 0x39140000)
}
Event: 110.673 GC heap before
{Heap before GC invocations=11 (full 0):
 def new generation   total 4928K, used 4455K [0x23b40000, 0x24090000, 0x29090000)
  eden space 4416K, 100% used [0x23b40000, 0x23f90000, 0x23f90000)
  from space 512K,   7% used [0x24010000, 0x24019e40, 0x24090000)
  to   space 512K,   0% used [0x23f90000, 0x23f90000, 0x24010000)
 tenured generation   total 10944K, used 1158K [0x29090000, 0x29b40000, 0x33b40000)
   the space 10944K,  10% used [0x29090000, 0x291b1860, 0x291b1a00, 0x29b40000)
 compacting perm gen  total 12288K, used 1300K [0x33b40000, 0x34740000, 0x37b40000)
   the space 12288K,  10% used [0x33b40000, 0x33c85388, 0x33c85400, 0x34740000)
    ro space 10240K,  42% used [0x37b40000, 0x37f80348, 0x37f80400, 0x38540000)
    rw space 12288K,  54% used [0x38540000, 0x38bc06f0, 0x38bc0800, 0x39140000)
Event: 110.674 GC heap after
Heap after GC invocations=12 (full 0):
 def new generation   total 4928K, used 50K [0x23b40000, 0x24090000, 0x29090000)
  eden space 4416K,   0% used [0x23b40000, 0x23b40000, 0x23f90000)
  from space 512K,   9% used [0x23f90000, 0x23f9ca98, 0x24010000)
  to   space 512K,   0% used [0x24010000, 0x24010000, 0x24090000)
 tenured generation   total 10944K, used 1158K [0x29090000, 0x29b40000, 0x33b40000)
   the space 10944K,  10% used [0x29090000, 0x291b1860, 0x291b1a00, 0x29b40000)
 compacting perm gen  total 12288K, used 1300K [0x33b40000, 0x34740000, 0x37b40000)
   the space 12288K,  10% used [0x33b40000, 0x33c85388, 0x33c85400, 0x34740000)
    ro space 10240K,  42% used [0x37b40000, 0x37f80348, 0x37f80400, 0x38540000)
    rw space 12288K,  54% used [0x38540000, 0x38bc06f0, 0x38bc0800, 0x39140000)
}
Event: 116.970 GC heap before
{Heap before GC invocations=12 (full 0):
 def new generation   total 4928K, used 4466K [0x23b40000, 0x24090000, 0x29090000)
  eden space 4416K, 100% used [0x23b40000, 0x23f90000, 0x23f90000)
  from space 512K,   9% used [0x23f90000, 0x23f9ca98, 0x24010000)
  to   space 512K,   0% used [0x24010000, 0x24010000, 0x24090000)
 tenured generation   total 10944K, used 1158K [0x29090000, 0x29b40000, 0x33b40000)
   the space 10944K,  10% used [0x29090000, 0x291b1860, 0x291b1a00, 0x29b40000)
 compacting perm gen  total 12288K, used 1300K [0x33b40000, 0x34740000, 0x37b40000)
   the space 12288K,  10% used [0x33b40000, 0x33c85388, 0x33c85400, 0x34740000)
    ro space 10240K,  42% used [0x37b40000, 0x37f80348, 0x37f80400, 0x38540000)
    rw space 12288K,  54% used [0x38540000, 0x38bc06f0, 0x38bc0800, 0x39140000)
Event: 116.971 GC heap after
Heap after GC invocations=13 (full 0):
 def new generation   total 4928K, used 48K [0x23b40000, 0x24090000, 0x29090000)
  eden space 4416K,   0% used [0x23b40000, 0x23b40000, 0x23f90000)
  from space 512K,   9% used [0x24010000, 0x2401c100, 0x24090000)
  to   space 512K,   0% used [0x23f90000, 0x23f90000, 0x24010000)
 tenured generation   total 10944K, used 1158K [0x29090000, 0x29b40000, 0x33b40000)
   the space 10944K,  10% used [0x29090000, 0x291b1860, 0x291b1a00, 0x29b40000)
 compacting perm gen  total 12288K, used 1300K [0x33b40000, 0x34740000, 0x37b40000)
   the space 12288K,  10% used [0x33b40000, 0x33c85388, 0x33c85400, 0x34740000)
    ro space 10240K,  42% used [0x37b40000, 0x37f80348, 0x37f80400, 0x38540000)
    rw space 12288K,  54% used [0x38540000, 0x38bc06f0, 0x38bc0800, 0x39140000)
}
Event: 123.974 GC heap before
{Heap before GC invocations=13 (full 0):
 def new generation   total 4928K, used 4464K [0x23b40000, 0x24090000, 0x29090000)
  eden space 4416K, 100% used [0x23b40000, 0x23f90000, 0x23f90000)
  from space 512K,   9% used [0x24010000, 0x2401c100, 0x24090000)
  to   space 512K,   0% used [0x23f90000, 0x23f90000, 0x24010000)
 tenured generation   total 10944K, used 1158K [0x29090000, 0x29b40000, 0x33b40000)
   the space 10944K,  10% used [0x29090000, 0x291b1860, 0x291b1a00, 0x29b40000)
 compacting perm gen  total 12288K, used 1300K [0x33b40000, 0x34740000, 0x37b40000)
   the space 12288K,  10% used [0x33b40000, 0x33c85388, 0x33c85400, 0x34740000)
    ro space 10240K,  42% used [0x37b40000, 0x37f80348, 0x37f80400, 0x38540000)
    rw space 12288K,  54% used [0x38540000, 0x38bc06f0, 0x38bc0800, 0x39140000)
Event: 123.976 GC heap after
Heap after GC invocations=14 (full 0):
 def new generation   total 4928K, used 48K [0x23b40000, 0x24090000, 0x29090000)
  eden space 4416K,   0% used [0x23b40000, 0x23b40000, 0x23f90000)
  from space 512K,   9% used [0x23f90000, 0x23f9c3d8, 0x24010000)
  to   space 512K,   0% used [0x24010000, 0x24010000, 0x24090000)
 tenured generation   total 10944K, used 1158K [0x29090000, 0x29b40000, 0x33b40000)
   the space 10944K,  10% used [0x29090000, 0x291b1860, 0x291b1a00, 0x29b40000)
 compacting perm gen  total 12288K, used 1300K [0x33b40000, 0x34740000, 0x37b40000)
   the space 12288K,  10% used [0x33b40000, 0x33c85388, 0x33c85400, 0x34740000)
    ro space 10240K,  42% used [0x37b40000, 0x37f80348, 0x37f80400, 0x38540000)
    rw space 12288K,  54% used [0x38540000, 0x38bc06f0, 0x38bc0800, 0x39140000)
}

Deoptimization events (0 events):
No events

Internal exceptions (10 events):
Event: 7.006 Thread 0x03e60c00 Threw 0x23c2be50 at C:\jdk7u1_32P\jdk7u9_3984_new\hotspot\src\share\vm\prims\jni.cpp:716
Event: 7.008 Thread 0x03e60c00 Threw 0x23c3bbb8 at C:\jdk7u1_32P\jdk7u9_3984_new\hotspot\src\share\vm\prims\jni.cpp:716
Event: 7.178 Thread 0x03e60c00 Threw 0x23c4f878 at C:\jdk7u1_32P\jdk7u9_3984_new\hotspot\src\share\vm\prims\jni.cpp:716
Event: 7.277 Thread 0x03e60c00 Threw 0x23c6edd8 at C:\jdk7u1_32P\jdk7u9_3984_new\hotspot\src\share\vm\prims\jvm.cpp:1166
Event: 7.850 Thread 0x03e60c00 Threw 0x23ca1b68 at C:\jdk7u1_32P\jdk7u9_3984_new\hotspot\src\share\vm\prims\jvm.cpp:1166
Event: 7.851 Thread 0x03e60c00 Threw 0x23ca31a8 at C:\jdk7u1_32P\jdk7u9_3984_new\hotspot\src\share\vm\prims\jvm.cpp:1166
Event: 7.853 Thread 0x03e60c00 Threw 0x23ca4248 at C:\jdk7u1_32P\jdk7u9_3984_new\hotspot\src\share\vm\prims\jvm.cpp:1166
Event: 7.879 Thread 0x0182f400 Threw 0x23cb9a60 at C:\jdk7u1_32P\jdk7u9_3984_new\hotspot\src\share\vm\prims\jvm.cpp:1166
Event: 105.181 Thread 0x03e60c00 Threw 0x23cf09b8 at C:\jdk7u1_32P\jdk7u9_3984_new\hotspot\src\share\vm\prims\jni.cpp:716
Event: 105.352 Thread 0x03e60c00 Threw 0x23d04680 at C:\jdk7u1_32P\jdk7u9_3984_new\hotspot\src\share\vm\prims\jni.cpp:716

Events (10 events):
Event: 110.675 Executing VM operation: RevokeBias done
Event: 116.970 Executing VM operation: GenCollectForAllocation
Event: 116.972 Executing VM operation: GenCollectForAllocation done
Event: 123.974 Executing VM operation: GenCollectForAllocation
Event: 123.976 Executing VM operation: GenCollectForAllocation done
Event: 129.758 Executing VM operation: RevokeBias
Event: 129.759 Executing VM operation: RevokeBias done
Event: 283.180 Executing VM operation: RevokeBias
Event: 283.180 Executing VM operation: RevokeBias done
Event: 283.216 Thread 0x03e8f800 Thread exited: 0x03e8f800


Dynamic libraries:
0x01270000 - 0x0129f000 	C:\Program Files\Java\jre7\bin\javaw.exe
0x77a90000 - 0x77bcc000 	C:\Windows\SYSTEM32\ntdll.dll
0x75f80000 - 0x76054000 	C:\Windows\system32\kernel32.dll
0x75ce0000 - 0x75d2b000 	C:\Windows\system32\KERNELBASE.dll
0x75e10000 - 0x75eb0000 	C:\Windows\system32\ADVAPI32.dll
0x767b0000 - 0x7685c000 	C:\Windows\system32\msvcrt.dll
0x76860000 - 0x76879000 	C:\Windows\SYSTEM32\sechost.dll
0x76220000 - 0x762c2000 	C:\Windows\system32\RPCRT4.dll
0x75eb0000 - 0x75f79000 	C:\Windows\system32\USER32.dll
0x76ae0000 - 0x76b2e000 	C:\Windows\system32\GDI32.dll
0x762d0000 - 0x762da000 	C:\Windows\system32\LPK.dll
0x76a40000 - 0x76add000 	C:\Windows\system32\USP10.dll
0x748d0000 - 0x74a6e000 	C:\Windows\WinSxS\x86_microsoft.windows.common-controls_6595b64144ccf1df_6.0.7601.17514_none_41e6975e2bd6f2b2\COMCTL32.dll
0x76880000 - 0x768d7000 	C:\Windows\system32\SHLWAPI.dll
0x76bc0000 - 0x76bdf000 	C:\Windows\system32\IMM32.DLL
0x76be0000 - 0x76cac000 	C:\Windows\system32\MSCTF.dll
0x6f200000 - 0x6f2be000 	C:\Program Files\Java\jre7\bin\msvcr100.dll
0x5f290000 - 0x5f5dd000 	C:\Program Files\Java\jre7\bin\client\jvm.dll
0x70cc0000 - 0x70cc7000 	C:\Windows\system32\WSOCK32.dll
0x762e0000 - 0x76315000 	C:\Windows\system32\WS2_32.dll
0x77bd0000 - 0x77bd6000 	C:\Windows\system32\NSI.dll
0x73a40000 - 0x73a72000 	C:\Windows\system32\WINMM.dll
0x77be0000 - 0x77be5000 	C:\Windows\system32\PSAPI.DLL
0x741f0000 - 0x741fc000 	C:\Program Files\Java\jre7\bin\verify.dll
0x72a20000 - 0x72a40000 	C:\Program Files\Java\jre7\bin\java.dll
0x72780000 - 0x72793000 	C:\Program Files\Java\jre7\bin\zip.dll
0x6f0b0000 - 0x6f1f2000 	C:\Program Files\Java\jre7\bin\awt.dll
0x77c30000 - 0x77cbf000 	C:\Windows\system32\OLEAUT32.dll
0x768e0000 - 0x76a3c000 	C:\Windows\system32\ole32.dll
0x74420000 - 0x74433000 	C:\Windows\system32\DWMAPI.DLL
0x74750000 - 0x74790000 	C:\Windows\system32\uxtheme.dll
0x759e0000 - 0x759ec000 	C:\Windows\system32\CRYPTBASE.dll
0x61eb0000 - 0x62073000 	C:\Windows\system32\d3d9.dll
0x74f60000 - 0x74f69000 	C:\Windows\system32\VERSION.dll
0x723e0000 - 0x723e6000 	C:\Windows\system32\d3d8thk.dll
0x10000000 - 0x105e4000 	C:\Windows\system32\nvd3dum.dll
0x72f90000 - 0x72fac000 	C:\Windows\system32\IPHLPAPI.DLL
0x72f80000 - 0x72f87000 	C:\Windows\system32\WINNSI.DLL
0x76e40000 - 0x77a8a000 	C:\Windows\system32\SHELL32.dll
0x720e0000 - 0x7210a000 	C:\Program Files\Java\jre7\bin\fontmanager.dll
0x76b30000 - 0x76bb3000 	C:\Windows\system32\CLBCatQ.DLL
0x742c0000 - 0x743f0000 	C:\Windows\system32\WindowsCodecs.dll
0x75990000 - 0x759dc000 	C:\Windows\system32\apphelp.dll
0x6fb40000 - 0x6fb71000 	C:\Windows\system32\EhStorShell.dll
0x76590000 - 0x7672d000 	C:\Windows\system32\SETUPAPI.dll
0x75c70000 - 0x75c97000 	C:\Windows\system32\CFGMGR32.dll
0x75df0000 - 0x75e02000 	C:\Windows\system32\DEVOBJ.dll
0x74790000 - 0x74885000 	C:\Windows\system32\PROPSYS.dll
0x6dc30000 - 0x6e036000 	C:\PROGRA~1\MICROS~2\Office14\GROOVEEX.DLL
0x71220000 - 0x712c3000 	C:\Windows\WinSxS\x86_microsoft.vc90.crt_1fc8b3b9a1e18e3b_9.0.30729.6161_none_50934f2ebcb7eb57\MSVCR90.dll
0x6e720000 - 0x6e7ae000 	C:\Windows\WinSxS\x86_microsoft.vc90.crt_1fc8b3b9a1e18e3b_9.0.30729.6161_none_50934f2ebcb7eb57\MSVCP90.dll
0x6e6f0000 - 0x6e71b000 	C:\Windows\WinSxS\x86_microsoft.vc90.atl_1fc8b3b9a1e18e3b_9.0.30729.6161_none_51cd0a7abbe4e19b\ATL90.DLL
0x6d810000 - 0x6dc2a000 	C:\PROGRA~1\COMMON~1\MICROS~1\OFFICE14\Cultures\office.odf
0x6cf90000 - 0x6d810000 	C:\PROGRA~1\MICROS~2\Office14\3082\GrooveIntlResource.dll
0x6e680000 - 0x6e6ea000 	C:\Windows\System32\cscui.dll
0x6f8d0000 - 0x6f8d9000 	C:\Windows\System32\CSCDLL.dll
0x6e800000 - 0x6e80b000 	C:\Windows\system32\CSCAPI.dll
0x6e610000 - 0x6e680000 	C:\Windows\system32\ntshrui.dll
0x756a0000 - 0x756b9000 	C:\Windows\system32\srvcli.dll
0x72fe0000 - 0x72fea000 	C:\Windows\system32\slc.dll
0x72760000 - 0x72774000 	C:\Program Files\Java\jre7\bin\net.dll
0x754a0000 - 0x754dc000 	C:\Windows\system32\mswsock.dll
0x75490000 - 0x75496000 	C:\Windows\System32\wship6.dll
0x74040000 - 0x7404f000 	C:\Program Files\Java\jre7\bin\nio.dll
0x6f600000 - 0x6f631000 	C:\Program Files\Java\jre7\bin\t2k.dll
0x07850000 - 0x07870000 	C:\Program Files\Java\jre7\bin\rxtxSerial.dll
0x68b20000 - 0x68c0b000 	C:\Windows\system32\dbghelp.dll

VM Arguments:
jvm_args: -Dfile.encoding=Cp1252 
java_command: MainAction
Launcher Type: SUN_STANDARD

Environment Variables:
PATH=C:/Program Files/Java/jre7/bin/client;C:/Program Files/Java/jre7/bin;C:/Program Files/Java/jre7/lib/i386;C:\Program Files\Common Files\Microsoft Shared\Windows Live;C:\Windows\system32;C:\Windows;C:\Windows\System32\Wbem;C:\Windows\System32\WindowsPowerShell\v1.0\;C:\Program Files\Toshiba\Bluetooth Toshiba Stack\sys\;C:\Program Files\Windows Live\Shared;C:\Program Files\Common Files\Ahead\Lib\;C:\Program Files\eclipse;
USERNAME=Javier
OS=Windows_NT
PROCESSOR_IDENTIFIER=x86 Family 6 Model 15 Stepping 2, GenuineIntel



---------------  S Y S T E M  ---------------

OS: Windows 7 Build 7601 Service Pack 1

CPU:total 2 (2 cores per cpu, 1 threads per core) family 6 model 15 stepping 2, cmov, cx8, fxsr, mmx, sse, sse2, sse3, ssse3, tsc

Memory: 4k page, physical 2095224k(1384968k free), swap 4190448k(2877984k free)

vm_info: Java HotSpot(TM) Client VM (23.5-b02) for windows-x86 JRE (1.7.0_09-b05), built on Sep 24 2012 22:01:33 by "java_re" with unknown MS VC++:1600

time: Thu Jul 03 13:51:50 2014
elapsed time: 283 seconds

